<?xml version="1.0" encoding="UTF-8"?>
<!-- Generated by org.testng.reporters.JUnitXMLReporter -->
<testsuite hostname="DESKTOP-MHJABKI" name="Default test" tests="4" failures="0" timestamp="8 Sep 2020 14:58:20 GMT" time="10.452" errors="0">
  <testcase name="loginAppValidate" time="7.981" classname="com.clariontest.selenium.LoginTest"/>
  <testcase name="loginApp" time="0.676" classname="com.clariontest.selenium.LoginTest"/>
  <testcase name="addpromise" time="1.572" classname="com.clariontest.selenium.LoginTest"/>
  <testcase name="LogOut" time="0.201" classname="com.clariontest.selenium.LoginTest"/>
</testsuite> <!-- Default test -->
