<?xml version="1.0" encoding="UTF-8"?>
<testng-results skipped="0" failed="0" total="4" passed="4">
  <reporter-output>
  </reporter-output>
  <suite name="Default suite" duration-ms="10452" started-at="2020-09-08T14:58:09Z" finished-at="2020-09-08T14:58:20Z">
    <groups>
    </groups>
    <test name="Default test" duration-ms="10452" started-at="2020-09-08T14:58:09Z" finished-at="2020-09-08T14:58:20Z">
      <class name="com.clariontest.selenium.LoginTest">
        <test-method status="PASS" signature="loginAppValidate()[pri:0, instance:com.clariontest.selenium.LoginTest@c038203]" name="loginAppValidate" duration-ms="7981" started-at="2020-09-08T20:28:09Z" finished-at="2020-09-08T20:28:17Z">
          <reporter-output>
          </reporter-output>
        </test-method> <!-- loginAppValidate -->
        <test-method status="PASS" signature="loginApp()[pri:0, instance:com.clariontest.selenium.LoginTest@c038203]" name="loginApp" duration-ms="676" started-at="2020-09-08T20:28:17Z" finished-at="2020-09-08T20:28:18Z">
          <reporter-output>
          </reporter-output>
        </test-method> <!-- loginApp -->
        <test-method status="PASS" signature="addpromise()[pri:0, instance:com.clariontest.selenium.LoginTest@c038203]" name="addpromise" duration-ms="1572" started-at="2020-09-08T20:28:18Z" finished-at="2020-09-08T20:28:20Z">
          <reporter-output>
          </reporter-output>
        </test-method> <!-- addpromise -->
        <test-method status="PASS" signature="LogOut()[pri:0, instance:com.clariontest.selenium.LoginTest@c038203]" name="LogOut" duration-ms="201" started-at="2020-09-08T20:28:20Z" finished-at="2020-09-08T20:28:20Z">
          <reporter-output>
          </reporter-output>
        </test-method> <!-- LogOut -->
      </class> <!-- com.clariontest.selenium.LoginTest -->
    </test> <!-- Default test -->
  </suite> <!-- Default suite -->
</testng-results>
